samsung_watch/MeasureData_final/app/build/intermediates/manifest_merge_blame_file/debug/manifest-merger-blame-debug-report.txt
1<?xml version="1.0" encoding="utf-8"?>
2<!--
3  ~ Copyright 2021 The Android Open Source Project
4  ~
5  ~ Licensed under the Apache License, Version 2.0 (the "License");
6  ~ you may not use this file except in compliance with the License.
7  ~ You may obtain a copy of the License at
8  ~
9  ~     https://www.apache.org/licenses/LICENSE-2.0
10  ~
11  ~ Unless required by applicable law or agreed to in writing, software
12  ~ distributed under the License is distributed on an "AS IS" BASIS,
13  ~ WITHOUT WARRANTIES OR CONDITIONS OF ANY KIND, either express or implied.
14  ~ See the License for the specific language governing permissions and
15  ~ limitations under the License.
16-->
17<manifest xmlns:android="http://schemas.android.com/apk/res/android"
18    package="com.example.measuredata"
19    android:versionCode="1"
20    android:versionName="1.0" >
21
22    <uses-sdk
23        android:minSdkVersion="30"
23-->src\main\AndroidManifest.xml
24        android:targetSdkVersion="30" />
24-->src\main\AndroidManifest.xml
25
26    <uses-feature android:name="android.hardware.type.watch" />
26-->src\main\AndroidManifest.xml:21:5-64
26-->src\main\AndroidManifest.xml:21:19-61
27
28    <uses-permission android:name="android.permission.INTERNET" />
28-->src\main\AndroidManifest.xml:23:5-66
28-->src\main\AndroidManifest.xml:23:22-64
29    <uses-permission android:name="android.permission.RECORD_AUDIO" />
29-->src\main\AndroidManifest.xml:24:5-71
29-->src\main\AndroidManifest.xml:24:22-68
30    <!-- For receiving heart rate data. -->
31    <uses-permission android:name="android.permission.BODY_SENSORS" />
31-->src\main\AndroidManifest.xml:26:5-71
31-->src\main\AndroidManifest.xml:26:22-68
32
33    <!--
34         When an app targets Android 11 (API level 30) or higher and queries for information about
35         the other apps that are installed on a device, the system filters this information by
36         default. Adding the query field allows Health Services to recognize the app.
37         See https://developer.android.com/training/package-visibility.
38    -->
39    <queries>
39-->src\main\AndroidManifest.xml:33:5-35:15
40        <package android:name="com.google.android.wearable.healthservices" />
40-->src\main\AndroidManifest.xml:34:9-78
40-->src\main\AndroidManifest.xml:34:18-75
41    </queries>
42
43    <uses-permission android:name="android.permission.WAKE_LOCK" />
43-->[androidx.work:work-runtime:2.3.4] AndroidManifest.xml:25:5-68
43-->[androidx.work:work-runtime:2.3.4] AndroidManifest.xml:25:22-65
44    <uses-permission android:name="android.permission.ACCESS_NETWORK_STATE" />
44-->[androidx.work:work-runtime:2.3.4] AndroidManifest.xml:26:5-79
44-->[androidx.work:work-runtime:2.3.4] AndroidManifest.xml:26:22-76
45    <uses-permission android:name="android.permission.RECEIVE_BOOT_COMPLETED" />
45-->[androidx.work:work-runtime:2.3.4] AndroidManifest.xml:27:5-81
45-->[androidx.work:work-runtime:2.3.4] AndroidManifest.xml:27:22-78
46    <uses-permission android:name="android.permission.FOREGROUND_SERVICE" />
46-->[androidx.work:work-runtime:2.3.4] AndroidManifest.xml:28:5-77
46-->[androidx.work:work-runtime:2.3.4] AndroidManifest.xml:28:22-74
47
48    <permission
48-->[androidx.core:core:1.9.0] AndroidManifest.xml:22:5-24:47
49        android:name="com.example.measuredata.DYNAMIC_RECEIVER_NOT_EXPORTED_PERMISSION"
49-->[androidx.core:core:1.9.0] AndroidManifest.xml:23:9-81
50        android:protectionLevel="signature" />
50-->[androidx.core:core:1.9.0] AndroidManifest.xml:24:9-44
51
52    <uses-permission android:name="com.example.measuredata.DYNAMIC_RECEIVER_NOT_EXPORTED_PERMISSION" />
52-->[androidx.core:core:1.9.0] AndroidManifest.xml:26:5-97
52-->[androidx.core:core:1.9.0] AndroidManifest.xml:26:22-94
53
54    <application
54-->src\main\AndroidManifest.xml:37:5-63:19
55        android:name="com.example.measuredata.MainApplication"
55-->src\main\AndroidManifest.xml:38:9-63
56        android:allowBackup="true"
56-->src\main\AndroidManifest.xml:39:9-35
57        android:appComponentFactory="androidx.core.app.CoreComponentFactory"
57-->[androidx.core:core:1.9.0] AndroidManifest.xml:28:18-86
58        android:debuggable="true"
59        android:extractNativeLibs="false"
60        android:icon="@mipmap/ic_launcher"
60-->src\main\AndroidManifest.xml:40:9-43
61        android:label="@string/app_name"
61-->src\main\AndroidManifest.xml:42:9-41
62        android:roundIcon="@mipmap/ic_launcher_round"
62-->src\main\AndroidManifest.xml:43:9-54
63        android:supportsRtl="true"
63-->src\main\AndroidManifest.xml:44:9-35
64        android:testOnly="true"
65        android:theme="@style/AppTheme"
65-->src\main\AndroidManifest.xml:45:9-40
66        android:usesCleartextTraffic="true" >
66-->src\main\AndroidManifest.xml:41:9-44
67        <uses-library
67-->src\main\AndroidManifest.xml:46:9-48:39
68            android:name="com.google.android.wearable"
68-->src\main\AndroidManifest.xml:47:13-55
69            android:required="true" />
69-->src\main\AndroidManifest.xml:48:13-36
70
71        <meta-data
71-->src\main\AndroidManifest.xml:50:9-52:36
72            android:name="com.google.android.wearable.standalone"
72-->src\main\AndroidManifest.xml:51:13-66
73            android:value="true" />
73-->src\main\AndroidManifest.xml:52:13-33
74
75        <activity
75-->src\main\AndroidManifest.xml:54:9-62:20
76            android:name="com.example.measuredata.MainActivity"
76-->src\main\AndroidManifest.xml:55:13-64
77            android:exported="true"
77-->src\main\AndroidManifest.xml:56:13-36
78            android:label="@string/app_name" >
78-->src\main\AndroidManifest.xml:57:13-45
79            <intent-filter>
79-->src\main\AndroidManifest.xml:58:13-61:29
80                <action android:name="android.intent.action.MAIN" />
80-->src\main\AndroidManifest.xml:59:17-69
80-->src\main\AndroidManifest.xml:59:25-66
81
82                <category android:name="android.intent.category.LAUNCHER" />
82-->src\main\AndroidManifest.xml:60:17-77
82-->src\main\AndroidManifest.xml:60:27-74
83            </intent-filter>
84        </activity>
85
86        <service
86-->[androidx.health:health-services-client:1.0.0-beta01] AndroidManifest.xml:24:9-31:19
87            android:name="androidx.health.services.client.VersionApiService"
87-->[androidx.health:health-services-client:1.0.0-beta01] AndroidManifest.xml:25:13-77
88            android:exported="true"
88-->[androidx.health:health-services-client:1.0.0-beta01] AndroidManifest.xml:26:13-36
89            android:permission="com.google.android.wearable.healthservices.permission.PASSIVE_DATA_BINDING" >
89-->[androidx.health:health-services-client:1.0.0-beta01] AndroidManifest.xml:27:13-108
90            <intent-filter>
90-->[androidx.health:health-services-client:1.0.0-beta01] AndroidManifest.xml:28:13-30:29
91                <action android:name="hs.versionclient.BIND" />
91-->[androidx.health:health-services-client:1.0.0-beta01] AndroidManifest.xml:29:17-64
91-->[androidx.health:health-services-client:1.0.0-beta01] AndroidManifest.xml:29:25-61
92            </intent-filter>
93        </service>
94
95        <provider
95-->[androidx.work:work-runtime:2.3.4] AndroidManifest.xml:31:9-37:35
96            android:name="androidx.work.impl.WorkManagerInitializer"
96-->[androidx.work:work-runtime:2.3.4] AndroidManifest.xml:32:13-69
97            android:authorities="com.example.measuredata.workmanager-init"
97-->[androidx.work:work-runtime:2.3.4] AndroidManifest.xml:33:13-68
98            android:directBootAware="false"
98-->[androidx.work:work-runtime:2.3.4] AndroidManifest.xml:34:13-44
99            android:exported="false"
99-->[androidx.work:work-runtime:2.3.4] AndroidManifest.xml:35:13-37
100            android:multiprocess="true" />
100-->[androidx.work:work-runtime:2.3.4] AndroidManifest.xml:36:13-40
101
102        <service
102-->[androidx.work:work-runtime:2.3.4] AndroidManifest.xml:39:9-44:35
103            android:name="androidx.work.impl.background.systemalarm.SystemAlarmService"
103-->[androidx.work:work-runtime:2.3.4] AndroidManifest.xml:40:13-88
104            android:directBootAware="false"
104-->[androidx.work:work-runtime:2.3.4] AndroidManifest.xml:41:13-44
105            android:enabled="@bool/enable_system_alarm_service_default"
105-->[androidx.work:work-runtime:2.3.4] AndroidManifest.xml:42:13-72
106            android:exported="false" />
106-->[androidx.work:work-runtime:2.3.4] AndroidManifest.xml:43:13-37
107        <service
107-->[androidx.work:work-runtime:2.3.4] AndroidManifest.xml:45:9-51:35
108            android:name="androidx.work.impl.background.systemjob.SystemJobService"
108-->[androidx.work:work-runtime:2.3.4] AndroidManifest.xml:46:13-84
109            android:directBootAware="false"
109-->[androidx.work:work-runtime:2.3.4] AndroidManifest.xml:47:13-44
110            android:enabled="@bool/enable_system_job_service_default"
110-->[androidx.work:work-runtime:2.3.4] AndroidManifest.xml:48:13-70
111            android:exported="true"
111-->[androidx.work:work-runtime:2.3.4] AndroidManifest.xml:49:13-36
112            android:permission="android.permission.BIND_JOB_SERVICE" />
112-->[androidx.work:work-runtime:2.3.4] AndroidManifest.xml:50:13-69
113        <service
113-->[androidx.work:work-runtime:2.3.4] AndroidManifest.xml:52:9-57:35
114            android:name="androidx.work.impl.foreground.SystemForegroundService"
114-->[androidx.work:work-runtime:2.3.4] AndroidManifest.xml:53:13-81
115            android:directBootAware="false"
115-->[androidx.work:work-runtime:2.3.4] AndroidManifest.xml:54:13-44
116            android:enabled="@bool/enable_system_foreground_service_default"
116-->[androidx.work:work-runtime:2.3.4] AndroidManifest.xml:55:13-77
117            android:exported="false" />
117-->[androidx.work:work-runtime:2.3.4] AndroidManifest.xml:56:13-37
118
119        <receiver
119-->[androidx.work:work-runtime:2.3.4] AndroidManifest.xml:59:9-64:35
120            android:name="androidx.work.impl.utils.ForceStopRunnable$BroadcastReceiver"
120-->[androidx.work:work-runtime:2.3.4] AndroidManifest.xml:60:13-88
121            android:directBootAware="false"
121-->[androidx.work:work-runtime:2.3.4] AndroidManifest.xml:61:13-44
122            android:enabled="true"
122-->[androidx.work:work-runtime:2.3.4] AndroidManifest.xml:62:13-35
123            android:exported="false" />
123-->[androidx.work:work-runtime:2.3.4] AndroidManifest.xml:63:13-37
124        <receiver
124-->[androidx.work:work-runtime:2.3.4] AndroidManifest.xml:65:9-75:20
125            android:name="androidx.work.impl.background.systemalarm.ConstraintProxy$BatteryChargingProxy"
125-->[androidx.work:work-runtime:2.3.4] AndroidManifest.xml:66:13-106
126            android:directBootAware="false"
126-->[androidx.work:work-runtime:2.3.4] AndroidManifest.xml:67:13-44
127            android:enabled="false"
127-->[androidx.work:work-runtime:2.3.4] AndroidManifest.xml:68:13-36
128            android:exported="false" >
128-->[androidx.work:work-runtime:2.3.4] AndroidManifest.xml:69:13-37
129            <intent-filter>
129-->[androidx.work:work-runtime:2.3.4] AndroidManifest.xml:71:13-74:29
130                <action android:name="android.intent.action.ACTION_POWER_CONNECTED" />
130-->[androidx.work:work-runtime:2.3.4] AndroidManifest.xml:72:17-87
130-->[androidx.work:work-runtime:2.3.4] AndroidManifest.xml:72:25-84
131                <action android:name="android.intent.action.ACTION_POWER_DISCONNECTED" />
131-->[androidx.work:work-runtime:2.3.4] AndroidManifest.xml:73:17-90
131-->[androidx.work:work-runtime:2.3.4] AndroidManifest.xml:73:25-87
132            </intent-filter>
133        </receiver>
134        <receiver
134-->[androidx.work:work-runtime:2.3.4] AndroidManifest.xml:76:9-86:20
135            android:name="androidx.work.impl.background.systemalarm.ConstraintProxy$BatteryNotLowProxy"
135-->[androidx.work:work-runtime:2.3.4] AndroidManifest.xml:77:13-104
136            android:directBootAware="false"
136-->[androidx.work:work-runtime:2.3.4] AndroidManifest.xml:78:13-44
137            android:enabled="false"
137-->[androidx.work:work-runtime:2.3.4] AndroidManifest.xml:79:13-36
138            android:exported="false" >
138-->[androidx.work:work-runtime:2.3.4] AndroidManifest.xml:80:13-37
139            <intent-filter>
139-->[androidx.work:work-runtime:2.3.4] AndroidManifest.xml:82:13-85:29
140                <action android:name="android.intent.action.BATTERY_OKAY" />
140-->[androidx.work:work-runtime:2.3.4] AndroidManifest.xml:83:17-77
140-->[androidx.work:work-runtime:2.3.4] AndroidManifest.xml:83:25-74
141                <action android:name="android.intent.action.BATTERY_LOW" />
141-->[androidx.work:work-runtime:2.3.4] AndroidManifest.xml:84:17-76
141-->[androidx.work:work-runtime:2.3.4] AndroidManifest.xml:84:25-73
142            </intent-filter>
143        </receiver>
144        <receiver
144-->[androidx.work:work-runtime:2.3.4] AndroidManifest.xml:87:9-97:20
145            android:name="androidx.work.impl.background.systemalarm.ConstraintProxy$StorageNotLowProxy"
145-->[androidx.work:work-runtime:2.3.4] AndroidManifest.xml:88:13-104
146            android:directBootAware="false"
146-->[androidx.work:work-runtime:2.3.4] AndroidManifest.xml:89:13-44
147            android:enabled="false"
147-->[androidx.work:work-runtime:2.3.4] AndroidManifest.xml:90:13-36
148            android:exported="false" >
148-->[androidx.work:work-runtime:2.3.4] AndroidManifest.xml:91:13-37
149            <intent-filter>
149-->[androidx.work:work-runtime:2.3.4] AndroidManifest.xml:93:13-96:29
150                <action android:name="android.intent.action.DEVICE_STORAGE_LOW" />
150-->[androidx.work:work-runtime:2.3.4] AndroidManifest.xml:94:17-83
150-->[androidx.work:work-runtime:2.3.4] AndroidManifest.xml:94:25-80
151                <action android:name="android.intent.action.DEVICE_STORAGE_OK" />
151-->[androidx.work:work-runtime:2.3.4] AndroidManifest.xml:95:17-82
151-->[androidx.work:work-runtime:2.3.4] AndroidManifest.xml:95:25-79
152            </intent-filter>
153        </receiver>
154        <receiver
154-->[androidx.work:work-runtime:2.3.4] AndroidManifest.xml:98:9-107:20
155            android:name="androidx.work.impl.background.systemalarm.ConstraintProxy$NetworkStateProxy"
155-->[androidx.work:work-runtime:2.3.4] AndroidManifest.xml:99:13-103
156            android:directBootAware="false"
156-->[androidx.work:work-runtime:2.3.4] AndroidManifest.xml:100:13-44
157            android:enabled="false"
157-->[androidx.work:work-runtime:2.3.4] AndroidManifest.xml:101:13-36
158            android:exported="false" >
158-->[androidx.work:work-runtime:2.3.4] AndroidManifest.xml:102:13-37
159            <intent-filter>
159-->[androidx.work:work-runtime:2.3.4] AndroidManifest.xml:104:13-106:29
160                <action android:name="android.net.conn.CONNECTIVITY_CHANGE" />
160-->[androidx.work:work-runtime:2.3.4] AndroidManifest.xml:105:17-79
160-->[androidx.work:work-runtime:2.3.4] AndroidManifest.xml:105:25-76
161            </intent-filter>
162        </receiver>
163        <receiver
163-->[androidx.work:work-runtime:2.3.4] AndroidManifest.xml:108:9-119:20
164            android:name="androidx.work.impl.background.systemalarm.RescheduleReceiver"
164-->[androidx.work:work-runtime:2.3.4] AndroidManifest.xml:109:13-88
165            android:directBootAware="false"
165-->[androidx.work:work-runtime:2.3.4] AndroidManifest.xml:110:13-44
166            android:enabled="false"
166-->[androidx.work:work-runtime:2.3.4] AndroidManifest.xml:111:13-36
167            android:exported="false" >
167-->[androidx.work:work-runtime:2.3.4] AndroidManifest.xml:112:13-37
168            <intent-filter>
168-->[androidx.work:work-runtime:2.3.4] AndroidManifest.xml:114:13-118:29
169                <action android:name="android.intent.action.BOOT_COMPLETED" />
169-->[androidx.work:work-runtime:2.3.4] AndroidManifest.xml:115:17-79
169-->[androidx.work:work-runtime:2.3.4] AndroidManifest.xml:115:25-76
170                <action android:name="android.intent.action.TIME_SET" />
170-->[androidx.work:work-runtime:2.3.4] AndroidManifest.xml:116:17-73
170-->[androidx.work:work-runtime:2.3.4] AndroidManifest.xml:116:25-70
171                <action android:name="android.intent.action.TIMEZONE_CHANGED" />
171-->[androidx.work:work-runtime:2.3.4] AndroidManifest.xml:117:17-81
171-->[androidx.work:work-runtime:2.3.4] AndroidManifest.xml:117:25-78
172            </intent-filter>
173        </receiver>
174        <receiver
174-->[androidx.work:work-runtime:2.3.4] AndroidManifest.xml:120:9-129:20
175            android:name="androidx.work.impl.background.systemalarm.ConstraintProxyUpdateReceiver"
175-->[androidx.work:work-runtime:2.3.4] AndroidManifest.xml:121:13-99
176            android:directBootAware="false"
176-->[androidx.work:work-runtime:2.3.4] AndroidManifest.xml:122:13-44
177            android:enabled="@bool/enable_system_alarm_service_default"
177-->[androidx.work:work-runtime:2.3.4] AndroidManifest.xml:123:13-72
178            android:exported="false" >
178-->[androidx.work:work-runtime:2.3.4] AndroidManifest.xml:124:13-37
179            <intent-filter>
179-->[androidx.work:work-runtime:2.3.4] AndroidManifest.xml:126:13-128:29
180                <action android:name="androidx.work.impl.background.systemalarm.UpdateProxies" />
180-->[androidx.work:work-runtime:2.3.4] AndroidManifest.xml:127:17-98
180-->[androidx.work:work-runtime:2.3.4] AndroidManifest.xml:127:25-95
181            </intent-filter>
182        </receiver>
183
184        <service
184-->[androidx.room:room-runtime:2.2.3] AndroidManifest.xml:25:9-27:40
185            android:name="androidx.room.MultiInstanceInvalidationService"
185-->[androidx.room:room-runtime:2.2.3] AndroidManifest.xml:26:13-74
186            android:exported="false" />
186-->[androidx.room:room-runtime:2.2.3] AndroidManifest.xml:27:13-37
187    </application>
188
189</manifest>